[NX Daemon Server] - 2023-11-12T14:24:34.585Z - Started listening on: /var/folders/74/k4n41lg52zj4xp228nnm3hth0000gn/T/9bd88fc4362d74529463/d.sock
[NX Daemon Server] - 2023-11-12T14:24:34.587Z - [WATCHER]: Subscribed to changes within: /Users/ahsan/personal/ng-cookbook-second-edition/final (native)
[NX Daemon Server] - 2023-11-12T14:24:34.595Z - Established a connection. Number of open connections: 1
[NX Daemon Server] - 2023-11-12T14:24:34.595Z - Established a connection. Number of open connections: 2
[NX Daemon Server] - 2023-11-12T14:24:34.596Z - Closed a connection. Number of open connections: 1
[NX Daemon Server] - 2023-11-12T14:24:34.597Z - [REQUEST]: Client Request for Project Graph Received
[NX Daemon Server] - 2023-11-12T14:24:34.739Z - [REQUEST]: Updated file-hasher based on watched changes, recomputing project graph...
[NX Daemon Server] - 2023-11-12T14:24:34.739Z - [REQUEST]: 
[NX Daemon Server] - 2023-11-12T14:24:34.740Z - [REQUEST]: 
[NX Daemon Server] - 2023-11-12T14:24:34.827Z - [REQUEST]: Responding to the client. project-graph
[NX Daemon Server] - 2023-11-12T14:24:34.829Z - Time taken for 'total for creating and serializing project graph' 230.41454124450684ms
[NX Daemon Server] - 2023-11-12T14:24:34.831Z - Done responding to the client project-graph
[NX Daemon Server] - 2023-11-12T14:24:34.831Z - Handled REQUEST_PROJECT_GRAPH. Handling time: 230. Response time: 4.
[NX Daemon Server] - 2023-11-12T14:24:34.900Z - [REQUEST]: Responding to the client. handleHashTasks
[NX Daemon Server] - 2023-11-12T14:24:34.901Z - Done responding to the client handleHashTasks
[NX Daemon Server] - 2023-11-12T14:24:34.901Z - Handled HASH_TASKS. Handling time: 31. Response time: 1.
[NX Daemon Server] - 2023-11-12T14:24:35.196Z - Established a connection. Number of open connections: 2
[NX Daemon Server] - 2023-11-12T14:24:35.196Z - Closed a connection. Number of open connections: 1
[NX Daemon Server] - 2023-11-12T14:24:35.196Z - Established a connection. Number of open connections: 2
[NX Daemon Server] - 2023-11-12T14:24:35.197Z - [REQUEST]: Client Request for Project Graph Received
[NX Daemon Server] - 2023-11-12T14:24:35.197Z - [REQUEST]: Responding to the client. project-graph
[NX Daemon Server] - 2023-11-12T14:24:35.199Z - Time taken for 'total for creating and serializing project graph' 0.1462078094482422ms
[NX Daemon Server] - 2023-11-12T14:24:35.201Z - Done responding to the client project-graph
[NX Daemon Server] - 2023-11-12T14:24:35.201Z - Handled REQUEST_PROJECT_GRAPH. Handling time: 0. Response time: 4.
[NX Daemon Server] - 2023-11-12T14:24:35.356Z - [WATCHER]: Processing file changes in outputs
[NX Daemon Server] - 2023-11-12T14:24:35.407Z - [WATCHER]: Processing file changes in outputs
[NX Daemon Server] - 2023-11-12T14:24:35.460Z - [WATCHER]: Processing file changes in outputs
[NX Daemon Server] - 2023-11-12T14:24:37.536Z - [WATCHER]: Processing file changes in outputs
[NX Daemon Server] - 2023-11-12T14:24:37.816Z - [WATCHER]: Processing file changes in outputs
[NX Daemon Server] - 2023-11-12T14:24:37.870Z - [WATCHER]: Processing file changes in outputs
[NX Daemon Server] - 2023-11-12T14:24:37.926Z - [WATCHER]: Processing file changes in outputs
[NX Daemon Server] - 2023-11-12T14:24:38.105Z - [WATCHER]: Processing file changes in outputs
[NX Daemon Server] - 2023-11-12T14:24:38.168Z - [WATCHER]: Processing file changes in outputs
[NX Daemon Server] - 2023-11-12T14:24:38.278Z - [WATCHER]: Processing file changes in outputs
[NX Daemon Server] - 2023-11-12T14:24:38.347Z - [WATCHER]: Processing file changes in outputs
[NX Daemon Server] - 2023-11-12T14:24:38.492Z - [WATCHER]: Processing file changes in outputs
[NX Daemon Server] - 2023-11-12T14:24:38.676Z - [WATCHER]: Processing file changes in outputs
[NX Daemon Server] - 2023-11-12T14:24:39.128Z - [WATCHER]: Processing file changes in outputs
[NX Daemon Server] - 2023-11-12T14:24:39.180Z - [WATCHER]: Processing file changes in outputs
[NX Daemon Server] - 2023-11-12T14:24:39.233Z - [WATCHER]: Processing file changes in outputs
[NX Daemon Server] - 2023-11-12T14:24:39.367Z - [WATCHER]: Processing file changes in outputs
[NX Daemon Server] - 2023-11-12T14:24:39.519Z - [WATCHER]: Processing file changes in outputs
[NX Daemon Server] - 2023-11-12T14:24:39.589Z - [WATCHER]: Processing file changes in outputs
[NX Daemon Server] - 2023-11-12T14:24:39.652Z - [WATCHER]: Processing file changes in outputs
[NX Daemon Server] - 2023-11-12T14:24:39.706Z - [WATCHER]: Processing file changes in outputs
[NX Daemon Server] - 2023-11-12T14:24:39.757Z - [WATCHER]: Processing file changes in outputs
[NX Daemon Server] - 2023-11-12T14:24:39.813Z - [WATCHER]: Processing file changes in outputs
[NX Daemon Server] - 2023-11-12T14:24:39.872Z - [WATCHER]: Processing file changes in outputs
[NX Daemon Server] - 2023-11-12T14:24:39.930Z - [WATCHER]: Processing file changes in outputs
[NX Daemon Server] - 2023-11-12T14:24:40.061Z - [WATCHER]: Processing file changes in outputs
[NX Daemon Server] - 2023-11-12T14:24:40.116Z - [WATCHER]: Processing file changes in outputs
[NX Daemon Server] - 2023-11-12T14:24:40.174Z - [WATCHER]: Processing file changes in outputs
[NX Daemon Server] - 2023-11-12T14:24:40.234Z - [WATCHER]: Processing file changes in outputs
[NX Daemon Server] - 2023-11-12T14:24:40.297Z - [WATCHER]: Processing file changes in outputs
[NX Daemon Server] - 2023-11-12T14:24:42.613Z - [WATCHER]: Processing file changes in outputs
[NX Daemon Server] - 2023-11-12T14:24:48.620Z - Closed a connection. Number of open connections: 1
[NX Daemon Server] - 2023-11-12T14:24:48.647Z - Closed a connection. Number of open connections: 0
[NX Daemon Server] - 2023-11-12T14:50:13.430Z - Started listening on: /var/folders/74/k4n41lg52zj4xp228nnm3hth0000gn/T/9bd88fc4362d74529463/d.sock
[NX Daemon Server] - 2023-11-12T14:50:13.433Z - [WATCHER]: Subscribed to changes within: /Users/ahsan/personal/ng-cookbook-second-edition/final (native)
[NX Daemon Server] - 2023-11-12T14:50:13.436Z - Established a connection. Number of open connections: 1
[NX Daemon Server] - 2023-11-12T14:50:13.437Z - Established a connection. Number of open connections: 2
[NX Daemon Server] - 2023-11-12T14:50:13.438Z - Closed a connection. Number of open connections: 1
[NX Daemon Server] - 2023-11-12T14:50:13.439Z - [REQUEST]: Client Request for Project Graph Received
[NX Daemon Server] - 2023-11-12T14:50:13.571Z - [REQUEST]: Updated file-hasher based on watched changes, recomputing project graph...
[NX Daemon Server] - 2023-11-12T14:50:13.571Z - [REQUEST]: 
[NX Daemon Server] - 2023-11-12T14:50:13.572Z - [REQUEST]: 
[NX Daemon Server] - 2023-11-12T14:50:13.634Z - [REQUEST]: Responding to the client. project-graph
[NX Daemon Server] - 2023-11-12T14:50:13.636Z - Time taken for 'total for creating and serializing project graph' 195.54208421707153ms
[NX Daemon Server] - 2023-11-12T14:50:13.639Z - Done responding to the client project-graph
[NX Daemon Server] - 2023-11-12T14:50:13.639Z - Handled REQUEST_PROJECT_GRAPH. Handling time: 195. Response time: 5.
[NX Daemon Server] - 2023-11-12T14:50:13.712Z - [REQUEST]: Responding to the client. handleHashTasks
[NX Daemon Server] - 2023-11-12T14:50:13.712Z - Done responding to the client handleHashTasks
[NX Daemon Server] - 2023-11-12T14:50:13.712Z - Handled HASH_TASKS. Handling time: 32. Response time: 0.
[NX Daemon Server] - 2023-11-12T14:50:14.048Z - Established a connection. Number of open connections: 2
[NX Daemon Server] - 2023-11-12T14:50:14.049Z - Closed a connection. Number of open connections: 1
[NX Daemon Server] - 2023-11-12T14:50:14.049Z - Established a connection. Number of open connections: 2
[NX Daemon Server] - 2023-11-12T14:50:14.050Z - [REQUEST]: Client Request for Project Graph Received
[NX Daemon Server] - 2023-11-12T14:50:14.050Z - [REQUEST]: Responding to the client. project-graph
[NX Daemon Server] - 2023-11-12T14:50:14.052Z - Time taken for 'total for creating and serializing project graph' 0.16616582870483398ms
[NX Daemon Server] - 2023-11-12T14:50:14.054Z - Done responding to the client project-graph
[NX Daemon Server] - 2023-11-12T14:50:14.054Z - Handled REQUEST_PROJECT_GRAPH. Handling time: 0. Response time: 4.
[NX Daemon Server] - 2023-11-12T14:50:17.773Z - [WATCHER]: Processing file changes in outputs
[NX Daemon Server] - 2023-11-12T14:50:17.861Z - [WATCHER]: Processing file changes in outputs
[NX Daemon Server] - 2023-11-12T14:50:21.931Z - Closed a connection. Number of open connections: 1
[NX Daemon Server] - 2023-11-12T14:50:21.958Z - Closed a connection. Number of open connections: 0
[NX Daemon Server] - 2023-11-12T15:17:33.234Z - [WATCHER]: 0 file(s) created or restored, 0 file(s) modified, 184 file(s) deleted
[NX Daemon Server] - 2023-11-12T15:17:33.236Z - [WATCHER]: Processing file changes in outputs
[NX Daemon Server] - 2023-11-12T15:17:33.379Z - [REQUEST]: Updated file-hasher based on watched changes, recomputing project graph...
[NX Daemon Server] - 2023-11-12T15:17:33.379Z - [REQUEST]: 
[NX Daemon Server] - 2023-11-12T15:17:33.379Z - [REQUEST]: apps/chapter12/ng-perf-wba/src/app/admin/admin.component.html,apps/chapter12/ng-perf-wba/src/app/app.component.scss,apps/chapter12/ng-perf-wba/src/app/bucket/bucket.component.scss,apps/chapter12/ng-perf-wba/src/lib/locale/gu.js,apps/chapter12/ng-perf-wba/src/lib/locale/uz-latn.js,apps/chapter12/ng-perf-wba/src/lib/locale/bn-bd.js,apps/chapter12/ng-perf-wba/src/lib/locale/ms-my.js,apps/chapter12/ng-perf-wba/src/lib/locale/es-us.js,apps/chapter12/ng-perf-wba/src/assets/.gitkeep,apps/chapter12/ng-perf-wba/src/lib/locale/kk.js,apps/chapter12/ng-perf-wba/src/lib/locale/dv.js,apps/chapter12/ng-perf-wba/src/lib/locale/nn.js,apps/chapter12/ng-perf-wba/src/app/animations.ts,apps/chapter12/ng-perf-wba/src/lib/locale/bo.js,apps/chapter12/ng-perf-wba/src/lib/locale/uk.js,apps/chapter12/ng-perf-wba/src/app/app.routes.ts,apps/chapter12/ng-perf-wba/src/lib/locale/hy-am.js,apps/chapter12/ng-perf-wba/src/app/auth/auth.service.ts,apps/chapter12/ng-perf-wba/src/app/app.config.ts,apps/chapter12/ng-perf-wba/src/lib/locale/fi.js,apps/chapter12/ng-perf-wba/src/app/employee/employee.component.scss,apps/chapter12/ng-perf-wba/src/lib/locale/tlh.js,apps/chapter12/ng-perf-wba/src/lib/locale/th.js,apps/chapter12/ng-perf-wba/src/lib/locale/ur.js,apps/chapter12/ng-perf-wba/src/lib/locale/es.js,apps/chapter12/ng-perf-wba/src/lib/locale/br.js,apps/chapter12/ng-perf-wba/tsconfig.json,apps/chapter12/ng-perf-wba/src/lib/locale/sv.js,apps/chapter12/ng-perf-wba/src/app/app.component.ts,apps/chapter12/ng-perf-wba/src/app/interfaces/fruit.interface.ts,apps/chapter12/ng-perf-wba/src/lib/locale/bm.js,apps/chapter12/ng-perf-wba/src/lib/locale/en-il.js,apps/chapter12/ng-perf-wba/src/lib/locale/es-mx.js,apps/chapter12/ng-perf-wba/src/lib/locale/mt.js,apps/chapter12/ng-perf-wba/src/lib/locale/gom-latn.js,apps/chapter12/ng-perf-wba/src/app/auth/auth.component.spec.ts,apps/chapter12/ng-perf-wba/src/lib/locale/bg.js,apps/chapter12/ng-perf-wba/src/app/app.component.html,apps/chapter12/ng-perf-wba/src/lib/locale/uz.js,apps/chapter12/ng-perf-wba/src/lib/locale/az.js,apps/chapter12/ng-perf-wba/src/lib/locale/hr.js,apps/chapter12/ng-perf-wba/src/lib/locale/fr-ch.js,apps/chapter12/ng-perf-wba/src/favicon.ico,apps/chapter12/ng-perf-wba/src/app/constants/user-type.ts,apps/chapter12/ng-perf-wba/src/lib/locale/tzm.js,apps/chapter12/ng-perf-wba/src/lib/locale/ru.js,apps/chapter12/ng-perf-wba/src/main.ts,apps/chapter12/ng-perf-wba/src/app/admin/admin.component.scss,apps/chapter12/ng-perf-wba/src/lib/locale/es-do.js,apps/chapter12/ng-perf-wba/src/app/auth/auth.component.html,apps/chapter12/ng-perf-wba/src/app/auth/auth.component.ts,apps/chapter12/ng-perf-wba/src/lib/locale/tzl.js,apps/chapter12/ng-perf-wba/src/lib/locale/ug-cn.js,apps/chapter12/ng-perf-wba/src/lib/locale/ar-kw.js,apps/chapter12/ng-perf-wba/src/lib/locale/ar-sa.js,apps/chapter12/ng-perf-wba/src/lib/locale/ga.js,apps/chapter12/ng-perf-wba/src/lib/locale/gom-deva.js,apps/chapter12/ng-perf-wba/src/lib/locale/ka.js,apps/chapter12/ng-perf-wba/src/lib/locale/se.js,apps/chapter12/ng-perf-wba/src/lib/locale/fy.js,apps/chapter12/ng-perf-wba/src/app/admin/admin.component.ts,apps/chapter12/ng-perf-wba/tsconfig.editor.json,apps/chapter12/ng-perf-wba/tsconfig.app.json,apps/chapter12/ng-perf-wba/src/app/employee/employee.config.ts,apps/chapter12/ng-perf-wba/src/lib/locale/en-gb.js,apps/chapter12/ng-perf-wba/src/lib/locale/mi.js,apps/chapter12/ng-perf-wba/src/lib/locale/en-sg.js,apps/chapter12/ng-perf-wba/src/lib/locale/tr.js,apps/chapter12/ng-perf-wba/src/lib/locale/ar-tn.js,apps/chapter12/ng-perf-wba/jest.config.ts,apps/chapter12/ng-perf-wba/src/lib/locale/sr-cyrl.js,apps/chapter12/ng-perf-wba/src/lib/locale/ja.js,apps/chapter12/ng-perf-wba/src/lib/locale/ca.js,apps/chapter12/ng-perf-wba/src/lib/locale/lb.js,apps/chapter12/ng-perf-wba/src/lib/locale/id.js,apps/chapter12/ng-perf-wba/src/lib/locale/cs.js,apps/chapter12/ng-perf-wba/src/lib/locale/nl.js,apps/chapter12/ng-perf-wba/src/lib/locale/ss.js,apps/chapter12/ng-perf-wba/src/lib/locale/it-ch.js,apps/chapter12/ng-perf-wba/src/lib/locale/mr.js,apps/chapter12/ng-perf-wba/src/lib/locale/si.js,apps/chapter12/ng-perf-wba/src/lib/locale/nl-be.js,apps/chapter12/ng-perf-wba/src/lib/locale/bs.js,apps/chapter12/ng-perf-wba/src/lib/locale/it.js,apps/chapter12/ng-perf-wba/src/lib/locale/lt.js,apps/chapter12/ng-perf-wba/src/lib/locale/en-au.js,apps/chapter12/ng-perf-wba/src/lib/locale/lv.js,apps/chapter12/ng-perf-wba/src/lib/locale/en-ie.js,apps/chapter12/ng-perf-wba/src/lib/locale/hu.js,apps/chapter12/ng-perf-wba/src/lib/locale/vi.js,apps/chapter12/ng-perf-wba/src/lib/locale/kn.js,apps/chapter12/ng-perf-wba/src/lib/locale/hi.js,apps/chapter12/ng-perf-wba/src/lib/locale/my.js,apps/chapter12/ng-perf-wba/src/lib/locale/sl.js,apps/chapter12/ng-perf-wba/src/lib/locale/zh-tw.js,apps/chapter12/ng-perf-wba/src/lib/locale/me.js,apps/chapter12/ng-perf-wba/src/lib/locale/sw.js,apps/chapter12/ng-perf-wba/src/lib/locale/mn.js,apps/chapter12/ng-perf-wba/src/lib/locale/eu.js,apps/chapter12/ng-perf-wba/src/lib/locale/ro.js,apps/chapter12/ng-perf-wba/src/lib/locale/af.js,apps/chapter12/ng-perf-wba/src/lib/locale/lo.js,apps/chapter12/ng-perf-wba/src/lib/locale/sd.js,apps/chapter12/ng-perf-wba/src/lib/locale/sr.js,apps/chapter12/ng-perf-wba/src/lib/locale/yo.js,apps/chapter12/ng-perf-wba/src/lib/locale/ml.js,apps/chapter12/ng-perf-wba/src/lib/locale/fo.js,apps/chapter12/ng-perf-wba/src/lib/locale/en-ca.js,apps/chapter12/ng-perf-wba/src/lib/locale/oc-lnc.js,apps/chapter12/ng-perf-wba/src/lib/locale/ar-ma.js,apps/chapter12/ng-perf-wba/src/lib/locale/ar-ly.js,apps/chapter12/ng-perf-wba/src/lib/locale/en-nz.js,apps/chapter12/ng-perf-wba/src/lib/locale/ko.js,apps/chapter12/ng-perf-wba/src/lib/locale/ky.js,apps/chapter12/ng-perf-wba/src/app/admin/admin.component.spec.ts,apps/chapter12/ng-perf-wba/project.json,apps/chapter12/ng-perf-wba/src/lib/locale/km.js,apps/chapter12/ng-perf-wba/src/lib/moment.d.ts,apps/chapter12/ng-perf-wba/src/lib/locale/gl.js,apps/chapter12/ng-perf-wba/src/lib/locale/zh-mo.js,apps/chapter12/ng-perf-wba/src/app/bucket/bucket.component.html,apps/chapter12/ng-perf-wba/src/lib/locale/ar.js,apps/chapter12/ng-perf-wba/src/lib/locale/de-at.js,apps/chapter12/ng-perf-wba/src/lib/locale/he.js,apps/chapter12/ng-perf-wba/src/app/auth/auth.component.scss,apps/chapter12/ng-perf-wba/src/lib/locale/cv.js,apps/chapter12/ng-perf-wba/src/app/constants/fruit.ts,apps/chapter12/ng-perf-wba/src/lib/locale/el.js,apps/chapter12/ng-perf-wba/tailwind.config.js,apps/chapter12/ng-perf-wba/src/lib/locale/ms.js,apps/chapter12/ng-perf-wba/src/app/bucket/bucket.service.spec.ts,apps/chapter12/ng-perf-wba/src/lib/locale/zh-hk.js,apps/chapter12/ng-perf-wba/src/lib/locale/ne.js,apps/chapter12/ng-perf-wba/src/test-setup.ts,apps/chapter12/ng-perf-wba/src/lib/locale/fil.js,apps/chapter12/ng-perf-wba/src/lib/locale/da.js,apps/chapter12/ng-perf-wba/src/lib/locale/pt-br.js,apps/chapter12/ng-perf-wba/src/lib/locale/fr-ca.js,apps/chapter12/ng-perf-wba/src/app/bucket/bucket.component.ts,apps/chapter12/ng-perf-wba/src/lib/moment.js,apps/chapter12/ng-perf-wba/src/app/employee/employee.component.html,apps/chapter12/ng-perf-wba/src/lib/locale/tzm-latn.js,apps/chapter12/ng-perf-wba/src/lib/locale/is.js,apps/chapter12/ng-perf-wba/src/lib/locale/tl-ph.js,apps/chapter12/ng-perf-wba/src/lib/locale/de-ch.js,apps/chapter12/ng-perf-wba/src/lib/locale/zh-cn.js,apps/chapter12/ng-perf-wba/src/styles.scss,apps/chapter12/ng-perf-wba/src/lib/locale/et.js,apps/chapter12/ng-perf-wba/src/app/employee/employee.component.ts,apps/chapter12/ng-perf-wba/src/lib/locale/de.js,apps/chapter12/ng-perf-wba/src/lib/locale/fr.js,apps/chapter12/ng-perf-wba/src/lib/locale/eo.js,apps/chapter12/ng-perf-wba/src/lib/locale/sq.js,apps/chapter12/ng-perf-wba/src/app/auth/auth.service.spec.ts,apps/chapter12/ng-perf-wba/src/lib/locale/bn.js,apps/chapter12/ng-perf-wba/src/lib/locale/tet.js,apps/chapter12/ng-perf-wba/src/lib/locale/pt.js,apps/chapter12/ng-perf-wba/src/index.html,apps/chapter12/ng-perf-wba/src/lib/locale/x-pseudo.js,apps/chapter12/ng-perf-wba/src/app/app-config.ts,apps/chapter12/ng-perf-wba/src/lib/locale/cy.js,apps/chapter12/ng-perf-wba/src/lib/locale/nb.js,apps/chapter12/ng-perf-wba/src/lib/locale/ta.js,apps/chapter12/ng-perf-wba/src/lib/locale/be.js,apps/chapter12/ng-perf-wba/.eslintrc.json,apps/chapter12/ng-perf-wba/src/lib/locale/gd.js,apps/chapter12/ng-perf-wba/src/lib/locale/en-in.js,apps/chapter12/ng-perf-wba/src/app/employee/employee.component.spec.ts,apps/chapter12/ng-perf-wba/src/lib/locale/te.js,apps/chapter12/ng-perf-wba/src/app/app.component.spec.ts,apps/chapter12/ng-perf-wba/src/lib/locale/sk.js,apps/chapter12/ng-perf-wba/src/app/bucket/bucket.service.ts,apps/chapter12/ng-perf-wba/src/app/interfaces/bucket-service.ts,apps/chapter12/ng-perf-wba/src/lib/locale/ku.js,apps/chapter12/ng-perf-wba/src/lib/locale/ar-dz.js,apps/chapter12/ng-perf-wba/src/app/bucket/bucket.component.spec.ts,apps/chapter12/ng-perf-wba/tsconfig.spec.json,apps/chapter12/ng-perf-wba/src/lib/locale/pa-in.js,apps/chapter12/ng-perf-wba/src/lib/locale/fa.js,apps/chapter12/ng-perf-wba/src/lib/locale/tk.js,apps/chapter12/ng-perf-wba/src/lib/locale/pl.js,apps/chapter12/ng-perf-wba/src/lib/locale/tg.js,apps/chapter12/ng-perf-wba/src/lib/locale/mk.js,apps/chapter12/ng-perf-wba/src/lib/locale/jv.js
[NX Daemon Server] - 2023-11-12T15:17:33.501Z - Time taken for 'hash changed files from watcher' 4.963666915893555ms
[NX Daemon Server] - 2023-11-12T15:17:40.972Z - [WATCHER]: 184 file(s) created or restored, 0 file(s) modified, 0 file(s) deleted
[NX Daemon Server] - 2023-11-12T15:17:40.973Z - [WATCHER]: Processing file changes in outputs
[NX Daemon Server] - 2023-11-12T15:17:41.095Z - [REQUEST]: Updated file-hasher based on watched changes, recomputing project graph...
[NX Daemon Server] - 2023-11-12T15:17:41.095Z - [REQUEST]: apps/chapter12/ng-perf-wba/src/lib/locale/af.js,apps/chapter12/ng-perf-wba/src/app/app.config.ts,apps/chapter12/ng-perf-wba/src/lib/locale/ca.js,apps/chapter12/ng-perf-wba/src/lib/locale/lb.js,apps/chapter12/ng-perf-wba/src/lib/locale/hy-am.js,apps/chapter12/ng-perf-wba/src/lib/locale/en-gb.js,apps/chapter12/ng-perf-wba/src/lib/locale/ky.js,apps/chapter12/ng-perf-wba/src/lib/locale/sd.js,apps/chapter12/ng-perf-wba/src/lib/locale/sk.js,apps/chapter12/ng-perf-wba/src/app/bucket/bucket.component.spec.ts,apps/chapter12/ng-perf-wba/src/lib/locale/vi.js,apps/chapter12/ng-perf-wba/src/lib/locale/uz-latn.js,apps/chapter12/ng-perf-wba/src/lib/locale/bn.js,apps/chapter12/ng-perf-wba/src/index.html,apps/chapter12/ng-perf-wba/src/lib/locale/is.js,apps/chapter12/ng-perf-wba/src/app/bucket/bucket.service.ts,apps/chapter12/ng-perf-wba/src/app/employee/employee.component.scss,apps/chapter12/ng-perf-wba/src/lib/locale/ml.js,apps/chapter12/ng-perf-wba/src/app/constants/user-type.ts,apps/chapter12/ng-perf-wba/src/app/auth/auth.component.spec.ts,apps/chapter12/ng-perf-wba/src/app/auth/auth.component.ts,apps/chapter12/ng-perf-wba/src/lib/locale/me.js,apps/chapter12/ng-perf-wba/src/lib/locale/pa-in.js,apps/chapter12/ng-perf-wba/src/lib/locale/zh-tw.js,apps/chapter12/ng-perf-wba/src/app/app.routes.ts,apps/chapter12/ng-perf-wba/src/lib/locale/en-ca.js,apps/chapter12/ng-perf-wba/src/lib/locale/nl-be.js,apps/chapter12/ng-perf-wba/src/lib/locale/ar.js,apps/chapter12/ng-perf-wba/src/lib/locale/yo.js,apps/chapter12/ng-perf-wba/src/lib/locale/es.js,apps/chapter12/ng-perf-wba/src/lib/locale/hr.js,apps/chapter12/ng-perf-wba/src/lib/locale/fr-ch.js,apps/chapter12/ng-perf-wba/src/app/bucket/bucket.component.scss,apps/chapter12/ng-perf-wba/src/lib/locale/pt.js,apps/chapter12/ng-perf-wba/src/lib/locale/de-at.js,apps/chapter12/ng-perf-wba/src/lib/locale/kk.js,apps/chapter12/ng-perf-wba/src/app/auth/auth.component.html,apps/chapter12/ng-perf-wba/src/lib/locale/km.js,apps/chapter12/ng-perf-wba/src/lib/locale/hu.js,apps/chapter12/ng-perf-wba/src/lib/locale/cv.js,apps/chapter12/ng-perf-wba/src/lib/locale/fr.js,apps/chapter12/ng-perf-wba/src/lib/locale/en-ie.js,apps/chapter12/ng-perf-wba/src/lib/locale/sv.js,apps/chapter12/ng-perf-wba/src/lib/locale/id.js,apps/chapter12/ng-perf-wba/src/test-setup.ts,apps/chapter12/ng-perf-wba/src/lib/locale/fi.js,apps/chapter12/ng-perf-wba/src/lib/locale/x-pseudo.js,apps/chapter12/ng-perf-wba/tsconfig.app.json,apps/chapter12/ng-perf-wba/src/lib/locale/de.js,apps/chapter12/ng-perf-wba/src/lib/locale/ar-kw.js,apps/chapter12/ng-perf-wba/src/lib/locale/hi.js,apps/chapter12/ng-perf-wba/src/lib/locale/nl.js,apps/chapter12/ng-perf-wba/src/lib/locale/lv.js,apps/chapter12/ng-perf-wba/src/lib/locale/ur.js,apps/chapter12/ng-perf-wba/src/lib/locale/mi.js,apps/chapter12/ng-perf-wba/src/lib/locale/ar-ly.js,apps/chapter12/ng-perf-wba/src/lib/locale/he.js,apps/chapter12/ng-perf-wba/src/lib/locale/ar-tn.js,apps/chapter12/ng-perf-wba/src/lib/locale/fil.js,apps/chapter12/ng-perf-wba/src/app/admin/admin.component.html,apps/chapter12/ng-perf-wba/src/lib/locale/tzm.js,apps/chapter12/ng-perf-wba/src/lib/locale/bg.js,apps/chapter12/ng-perf-wba/src/app/app-config.ts,apps/chapter12/ng-perf-wba/src/lib/locale/be.js,apps/chapter12/ng-perf-wba/src/lib/locale/fy.js,apps/chapter12/ng-perf-wba/src/lib/locale/ar-dz.js,apps/chapter12/ng-perf-wba/src/lib/locale/ro.js,apps/chapter12/ng-perf-wba/src/app/app.component.html,apps/chapter12/ng-perf-wba/src/lib/locale/zh-mo.js,apps/chapter12/ng-perf-wba/src/lib/locale/oc-lnc.js,apps/chapter12/ng-perf-wba/src/lib/locale/zh-cn.js,apps/chapter12/ng-perf-wba/src/lib/locale/pt-br.js,apps/chapter12/ng-perf-wba/tsconfig.editor.json,apps/chapter12/ng-perf-wba/src/lib/locale/nn.js,apps/chapter12/ng-perf-wba/src/lib/locale/tzm-latn.js,apps/chapter12/ng-perf-wba/src/app/employee/employee.component.html,apps/chapter12/ng-perf-wba/src/lib/locale/ja.js,apps/chapter12/ng-perf-wba/src/lib/locale/uz.js,apps/chapter12/ng-perf-wba/src/lib/locale/en-au.js,apps/chapter12/ng-perf-wba/src/lib/locale/te.js,apps/chapter12/ng-perf-wba/src/lib/locale/en-in.js,apps/chapter12/ng-perf-wba/src/favicon.ico,apps/chapter12/ng-perf-wba/src/lib/locale/dv.js,apps/chapter12/ng-perf-wba/src/lib/locale/ar-ma.js,apps/chapter12/ng-perf-wba/src/lib/locale/br.js,apps/chapter12/ng-perf-wba/src/lib/locale/ka.js,apps/chapter12/ng-perf-wba/src/lib/locale/gom-latn.js,apps/chapter12/ng-perf-wba/src/lib/locale/si.js,apps/chapter12/ng-perf-wba/src/lib/locale/ru.js,apps/chapter12/ng-perf-wba/src/lib/locale/ss.js,apps/chapter12/ng-perf-wba/project.json,apps/chapter12/ng-perf-wba/src/lib/locale/ga.js,apps/chapter12/ng-perf-wba/src/lib/locale/sw.js,apps/chapter12/ng-perf-wba/src/lib/locale/cy.js,apps/chapter12/ng-perf-wba/src/app/auth/auth.service.ts,apps/chapter12/ng-perf-wba/src/lib/locale/jv.js,apps/chapter12/ng-perf-wba/src/lib/locale/tlh.js,apps/chapter12/ng-perf-wba/src/app/bucket/bucket.component.html,apps/chapter12/ng-perf-wba/src/lib/locale/lo.js,apps/chapter12/ng-perf-wba/src/lib/locale/en-sg.js,apps/chapter12/ng-perf-wba/src/lib/locale/gu.js,apps/chapter12/ng-perf-wba/src/lib/locale/sq.js,apps/chapter12/ng-perf-wba/src/lib/locale/et.js,apps/chapter12/ng-perf-wba/src/lib/locale/de-ch.js,apps/chapter12/ng-perf-wba/src/lib/locale/uk.js,apps/chapter12/ng-perf-wba/src/lib/locale/bn-bd.js,apps/chapter12/ng-perf-wba/src/lib/locale/ms-my.js,apps/chapter12/ng-perf-wba/src/app/employee/employee.config.ts,apps/chapter12/ng-perf-wba/tailwind.config.js,apps/chapter12/ng-perf-wba/src/app/auth/auth.component.scss,apps/chapter12/ng-perf-wba/src/app/app.component.spec.ts,apps/chapter12/ng-perf-wba/src/app/admin/admin.component.ts,apps/chapter12/ng-perf-wba/src/lib/locale/eu.js,apps/chapter12/ng-perf-wba/src/lib/locale/ne.js,apps/chapter12/ng-perf-wba/src/app/app.component.ts,apps/chapter12/ng-perf-wba/src/lib/locale/ku.js,apps/chapter12/ng-perf-wba/src/lib/locale/it-ch.js,apps/chapter12/ng-perf-wba/src/app/employee/employee.component.ts,apps/chapter12/ng-perf-wba/src/lib/locale/se.js,apps/chapter12/ng-perf-wba/src/lib/locale/bo.js,apps/chapter12/ng-perf-wba/src/lib/locale/fo.js,apps/chapter12/ng-perf-wba/src/lib/locale/th.js,apps/chapter12/ng-perf-wba/src/lib/locale/en-nz.js,apps/chapter12/ng-perf-wba/src/lib/locale/kn.js,apps/chapter12/ng-perf-wba/src/main.ts,apps/chapter12/ng-perf-wba/src/lib/locale/ta.js,apps/chapter12/ng-perf-wba/src/lib/locale/fa.js,apps/chapter12/ng-perf-wba/src/lib/locale/cs.js,apps/chapter12/ng-perf-wba/src/app/app.component.scss,apps/chapter12/ng-perf-wba/src/lib/locale/ms.js,apps/chapter12/ng-perf-wba/src/lib/locale/ar-sa.js,apps/chapter12/ng-perf-wba/src/styles.scss,apps/chapter12/ng-perf-wba/src/app/admin/admin.component.spec.ts,apps/chapter12/ng-perf-wba/src/app/bucket/bucket.component.ts,apps/chapter12/ng-perf-wba/src/lib/locale/es-do.js,apps/chapter12/ng-perf-wba/src/lib/locale/fr-ca.js,apps/chapter12/ng-perf-wba/src/lib/locale/da.js,apps/chapter12/ng-perf-wba/src/lib/locale/mt.js,apps/chapter12/ng-perf-wba/.eslintrc.json,apps/chapter12/ng-perf-wba/src/lib/locale/mr.js,apps/chapter12/ng-perf-wba/src/lib/locale/en-il.js,apps/chapter12/ng-perf-wba/src/app/interfaces/fruit.interface.ts,apps/chapter12/ng-perf-wba/src/lib/locale/es-mx.js,apps/chapter12/ng-perf-wba/src/app/bucket/bucket.service.spec.ts,apps/chapter12/ng-perf-wba/src/lib/locale/tg.js,apps/chapter12/ng-perf-wba/src/app/auth/auth.service.spec.ts,apps/chapter12/ng-perf-wba/src/lib/locale/sr-cyrl.js,apps/chapter12/ng-perf-wba/src/lib/locale/sr.js,apps/chapter12/ng-perf-wba/src/lib/locale/lt.js,apps/chapter12/ng-perf-wba/src/lib/locale/es-us.js,apps/chapter12/ng-perf-wba/src/lib/moment.d.ts,apps/chapter12/ng-perf-wba/src/lib/locale/az.js,apps/chapter12/ng-perf-wba/src/app/animations.ts,apps/chapter12/ng-perf-wba/src/lib/locale/ug-cn.js,apps/chapter12/ng-perf-wba/src/lib/locale/tzl.js,apps/chapter12/ng-perf-wba/src/assets/.gitkeep,apps/chapter12/ng-perf-wba/src/lib/locale/it.js,apps/chapter12/ng-perf-wba/src/lib/moment.js,apps/chapter12/ng-perf-wba/src/lib/locale/pl.js,apps/chapter12/ng-perf-wba/src/lib/locale/tl-ph.js,apps/chapter12/ng-perf-wba/src/app/interfaces/bucket-service.ts,apps/chapter12/ng-perf-wba/src/lib/locale/gom-deva.js,apps/chapter12/ng-perf-wba/src/lib/locale/my.js,apps/chapter12/ng-perf-wba/src/app/admin/admin.component.scss,apps/chapter12/ng-perf-wba/src/lib/locale/zh-hk.js,apps/chapter12/ng-perf-wba/src/lib/locale/el.js,apps/chapter12/ng-perf-wba/src/lib/locale/nb.js,apps/chapter12/ng-perf-wba/src/lib/locale/gl.js,apps/chapter12/ng-perf-wba/src/app/constants/fruit.ts,apps/chapter12/ng-perf-wba/src/lib/locale/gd.js,apps/chapter12/ng-perf-wba/src/lib/locale/eo.js,apps/chapter12/ng-perf-wba/tsconfig.spec.json,apps/chapter12/ng-perf-wba/src/lib/locale/tk.js,apps/chapter12/ng-perf-wba/jest.config.ts,apps/chapter12/ng-perf-wba/src/app/employee/employee.component.spec.ts,apps/chapter12/ng-perf-wba/src/lib/locale/mk.js,apps/chapter12/ng-perf-wba/src/lib/locale/tet.js,apps/chapter12/ng-perf-wba/src/lib/locale/ko.js,apps/chapter12/ng-perf-wba/src/lib/locale/bm.js,apps/chapter12/ng-perf-wba/src/lib/locale/sl.js,apps/chapter12/ng-perf-wba/tsconfig.json,apps/chapter12/ng-perf-wba/src/lib/locale/mn.js,apps/chapter12/ng-perf-wba/src/lib/locale/bs.js,apps/chapter12/ng-perf-wba/src/lib/locale/tr.js
[NX Daemon Server] - 2023-11-12T15:17:41.095Z - [REQUEST]: 
[NX Daemon Server] - 2023-11-12T15:17:41.197Z - Time taken for 'hash changed files from watcher' 4.3043341636657715ms
[NX Daemon Server] - 2023-11-12T15:18:01.665Z - [WATCHER]: apps/chapter12/ng-perf-wba/src/app/app.component.ts was modified
[NX Daemon Server] - 2023-11-12T15:18:01.665Z - [WATCHER]: Processing file changes in outputs
[NX Daemon Server] - 2023-11-12T15:18:01.894Z - [REQUEST]: Updated file-hasher based on watched changes, recomputing project graph...
[NX Daemon Server] - 2023-11-12T15:18:01.894Z - [REQUEST]: apps/chapter12/ng-perf-wba/src/app/app.component.ts
[NX Daemon Server] - 2023-11-12T15:18:01.894Z - [REQUEST]: 
[NX Daemon Server] - 2023-11-12T15:18:01.985Z - Time taken for 'hash changed files from watcher' 5.048874855041504ms
[NX Daemon Server] - 2023-11-12T15:18:13.732Z - [WATCHER]: apps/chapter12/ng-perf-wba/src/app/app.component.ts was modified
[NX Daemon Server] - 2023-11-12T15:18:13.732Z - [WATCHER]: Processing file changes in outputs
[NX Daemon Server] - 2023-11-12T15:18:14.159Z - [REQUEST]: Updated file-hasher based on watched changes, recomputing project graph...
[NX Daemon Server] - 2023-11-12T15:18:14.159Z - [REQUEST]: apps/chapter12/ng-perf-wba/src/app/app.component.ts
[NX Daemon Server] - 2023-11-12T15:18:14.159Z - [REQUEST]: 
[NX Daemon Server] - 2023-11-12T15:18:14.208Z - Time taken for 'hash changed files from watcher' 1.9176249504089355ms
[NX Daemon Server] - 2023-11-12T15:18:48.267Z - [WATCHER]: Processing file changes in outputs
[NX Daemon Server] - 2023-11-12T15:18:48.269Z - [WATCHER]: Stopping the watcher for /Users/ahsan/personal/ng-cookbook-second-edition/final (sources)
[NX Daemon Server] - 2023-11-12T15:18:48.269Z - [WATCHER]: Stopping the watcher for /Users/ahsan/personal/ng-cookbook-second-edition/final (outputs)
[NX Daemon Server] - 2023-11-12T15:18:48.269Z - Server stopped because: "Lock file changed"
